<?xml version="1.0" encoding="UTF-8"?>
<!-- Generated by org.testng.reporters.JUnitXMLReporter -->
<testsuite ignored="0" hostname="V002395s-Mac-mini.local" failures="0" tests="3" name="Test View232" time="77.176" errors="0" timestamp="10 Dec 2021 09:23:41 GMT">
  <testcase classname="TestLoginScreen" name="testListMusicScreen" time="13.188"/>
  <testcase classname="TestLoginScreen" name="testLoginScreenView" time="10.459"/>
  <testcase classname="TestLoginScreen" name="testSettingScreen" time="12.012"/>
</testsuite> <!-- Test View232 -->
